<?xml version="1.0" encoding="UTF-8"?>
<testng-results ignored="0" total="1" passed="1" failed="0" skipped="0">
  <reporter-output>
  </reporter-output>
  <suite started-at="2021-07-24T11:08:28 GST" name="Default suite" finished-at="2021-07-24T11:08:36 GST" duration-ms="7811">
    <groups>
    </groups>
    <test started-at="2021-07-24T11:08:28 GST" name="Default test" finished-at="2021-07-24T11:08:36 GST" duration-ms="7811">
      <class name="testcase.TC1">
        <test-method signature="TC111()[pri:0, instance:testcase.TC1@3f56875e]" started-at="2021-07-24T11:08:28 GST" name="TC111" finished-at="2021-07-24T11:08:36 GST" duration-ms="7761" status="PASS">
          <reporter-output>
          </reporter-output>
        </test-method> <!-- TC111 -->
      </class> <!-- testcase.TC1 -->
    </test> <!-- Default test -->
  </suite> <!-- Default suite -->
</testng-results>
