<?xml version="1.0" encoding="UTF-8"?>
<testng-results ignored="0" total="1" passed="1" failed="0" skipped="0">
  <reporter-output>
  </reporter-output>
  <suite started-at="2021-07-22T18:10:00 GST" name="Suite" finished-at="2021-07-22T18:10:08 GST" duration-ms="8254">
    <groups>
    </groups>
    <test started-at="2021-07-22T18:10:00 GST" name="Test" finished-at="2021-07-22T18:10:08 GST" duration-ms="8254">
      <class name="testcase.TC1">
        <test-method signature="TC111()[pri:0, instance:testcase.TC1@4fe767f3]" started-at="2021-07-22T18:10:00 GST" name="TC111" finished-at="2021-07-22T18:10:08 GST" duration-ms="8201" status="PASS">
          <reporter-output>
          </reporter-output>
        </test-method> <!-- TC111 -->
      </class> <!-- testcase.TC1 -->
    </test> <!-- Test -->
  </suite> <!-- Suite -->
</testng-results>
